17-07-2017 09:10:39 COPYED DIRECTORY [ERROR]: "test1" --> e:\TMP\TEST [ERROR]
17-07-2017 09:10:39 COPYED DIRECTORY [ERROR]: "test2" --> e:\TMP\TEST [ERROR]
17-07-2017 09:10:39 COPYED DIRECTORY [ERROR]: "test3" --> e:\TMP\TEST [ERROR]
17-07-2017 09:10:39 COPYED DIRECTORY [ERROR]: "test1" --> e:\TMP\TEST [ERROR]
17-07-2017 09:10:39 COPYED DIRECTORY [ERROR]: "test2" --> e:\TMP\TEST [ERROR]
17-07-2017 09:10:39 COPYED DIRECTORY [ERROR]: "test3" --> e:\TMP\TEST [ERROR]
17-07-2017 09:10:39 COPYED DIRECTORY [ERROR]: "test1" --> e:\TMP\TEST [ERROR]
17-07-2017 09:10:39 COPYED DIRECTORY [ERROR]: "test2" --> e:\TMP\TEST [ERROR]
17-07-2017 09:10:39 COPYED DIRECTORY [ERROR]: "test3" --> e:\TMP\TEST [ERROR]
17-07-2017 09:10:39 COPYED DIRECTORY [ERROR]: "test1" --> e:\TMP\TEST [ERROR]
17-07-2017 09:10:39 COPYED DIRECTORY [ERROR]: "test2" --> e:\TMP\TEST [ERROR]
17-07-2017 09:10:39 COPYED DIRECTORY [ERROR]: "test3" --> e:\TMP\TEST [ERROR]
17-07-2017 09:10:49 COPYED DIRECTORY [ERROR]: "test1" --> e:\TMP\TEST [ERROR]
17-07-2017 09:10:49 COPYED DIRECTORY [ERROR]: "test2" --> e:\TMP\TEST [ERROR]
17-07-2017 09:10:49 COPYED DIRECTORY [ERROR]: "test3" --> e:\TMP\TEST [ERROR]
17-07-2017 09:10:49 COPYED DIRECTORY [ERROR]: "test1" --> e:\TMP\TEST [ERROR]
17-07-2017 09:10:49 COPYED DIRECTORY [ERROR]: "test2" --> e:\TMP\TEST [ERROR]
17-07-2017 09:10:50 COPYED DIRECTORY [ERROR]: "test3" --> e:\TMP\TEST [ERROR]
17-07-2017 09:10:50 COPYED DIRECTORY [ERROR]: "test1" --> e:\TMP\TEST [ERROR]
17-07-2017 09:10:50 COPYED DIRECTORY [ERROR]: "test2" --> e:\TMP\TEST [ERROR]
17-07-2017 09:10:50 COPYED DIRECTORY [ERROR]: "test3" --> e:\TMP\TEST [ERROR]
17-07-2017 09:10:50 COPYED DIRECTORY [ERROR]: "test1" --> e:\TMP\TEST [ERROR]
17-07-2017 09:10:50 COPYED DIRECTORY [ERROR]: "test2" --> e:\TMP\TEST [ERROR]
17-07-2017 09:10:50 COPYED DIRECTORY [ERROR]: "test3" --> e:\TMP\TEST [ERROR]
17-07-2017 09:10:50 COPYED DIRECTORY [ERROR]: "test1" --> e:\TMP\TEST [ERROR]
17-07-2017 09:10:50 COPYED DIRECTORY [ERROR]: "test2" --> e:\TMP\TEST [ERROR]
17-07-2017 09:10:50 COPYED DIRECTORY [ERROR]: "test3" --> e:\TMP\TEST [ERROR]
17-07-2017 09:10:50 COPYED DIRECTORY [ERROR]: "test1" --> e:\TMP\TEST [ERROR]
17-07-2017 09:10:50 COPYED DIRECTORY [ERROR]: "test2" --> e:\TMP\TEST [ERROR]
17-07-2017 09:10:50 COPYED DIRECTORY [ERROR]: "test3" --> e:\TMP\TEST [ERROR]
17-07-2017 09:10:50 COPYED DIRECTORY [ERROR]: "test1" --> e:\TMP\TEST [ERROR]
17-07-2017 09:10:50 COPYED DIRECTORY [ERROR]: "test2" --> e:\TMP\TEST [ERROR]
17-07-2017 09:10:50 COPYED DIRECTORY [ERROR]: "test3" --> e:\TMP\TEST [ERROR]
17-07-2017 09:10:50 COPYED DIRECTORY [ERROR]: "test1" --> e:\TMP\TEST [ERROR]
17-07-2017 09:10:50 COPYED DIRECTORY [ERROR]: "test2" --> e:\TMP\TEST [ERROR]
17-07-2017 09:10:50 COPYED DIRECTORY [ERROR]: "test3" --> e:\TMP\TEST [ERROR]
17-07-2017 09:10:50 COPYED DIRECTORY [ERROR]: "test1" --> e:\TMP\TEST [ERROR]
17-07-2017 09:10:50 COPYED DIRECTORY [ERROR]: "test2" --> e:\TMP\TEST [ERROR]
17-07-2017 09:10:50 COPYED DIRECTORY [ERROR]: "test3" --> e:\TMP\TEST [ERROR]
17-07-2017 09:10:50 COPYED DIRECTORY [ERROR]: "test1" --> e:\TMP\TEST [ERROR]
17-07-2017 09:10:50 COPYED DIRECTORY [ERROR]: "test2" --> e:\TMP\TEST [ERROR]
17-07-2017 09:10:50 COPYED DIRECTORY [ERROR]: "test3" --> e:\TMP\TEST [ERROR]
17-07-2017 09:18:42 COPYED DIRECTORY [ERROR]: "test1" --> e:\TMP\TEST [ERROR]
17-07-2017 09:18:42 COPYED DIRECTORY [ERROR]: "test2" --> e:\TMP\TEST [ERROR]
17-07-2017 09:18:42 COPYED DIRECTORY [ERROR]: "test3" --> e:\TMP\TEST [ERROR]
17-07-2017 09:18:42 COPYED DIRECTORY [ERROR]: "test1" --> e:\TMP\TEST [ERROR]
17-07-2017 09:18:42 COPYED DIRECTORY [ERROR]: "test2" --> e:\TMP\TEST [ERROR]
17-07-2017 09:18:42 COPYED DIRECTORY [ERROR]: "test3" --> e:\TMP\TEST [ERROR]
17-07-2017 09:18:42 COPYED DIRECTORY [ERROR]: "test1" --> e:\TMP\TEST [ERROR]
17-07-2017 09:18:42 COPYED DIRECTORY [ERROR]: "test2" --> e:\TMP\TEST [ERROR]
17-07-2017 09:18:42 COPYED DIRECTORY [ERROR]: "test3" --> e:\TMP\TEST [ERROR]
17-07-2017 09:18:42 COPYED DIRECTORY [ERROR]: "test1" --> e:\TMP\TEST [ERROR]
17-07-2017 09:18:42 COPYED DIRECTORY [ERROR]: "test2" --> e:\TMP\TEST [ERROR]
17-07-2017 09:18:42 COPYED DIRECTORY [ERROR]: "test3" --> e:\TMP\TEST [ERROR]
17-07-2017 09:18:46 COPYED DIRECTORY [ERROR]: "test1" --> e:\TMP\TEST [ERROR]
17-07-2017 09:18:46 COPYED DIRECTORY [ERROR]: "test2" --> e:\TMP\TEST [ERROR]
17-07-2017 09:18:46 COPYED DIRECTORY [ERROR]: "test3" --> e:\TMP\TEST [ERROR]
17-07-2017 09:18:46 COPYED DIRECTORY [ERROR]: "test1" --> e:\TMP\TEST [ERROR]
17-07-2017 09:18:46 COPYED DIRECTORY [ERROR]: "test2" --> e:\TMP\TEST [ERROR]
17-07-2017 09:18:46 COPYED DIRECTORY [ERROR]: "test3" --> e:\TMP\TEST [ERROR]
17-07-2017 09:19:46 COPYED DIRECTORY [ERROR]: "test1" --> e:\TMP\TEST [ERROR]
17-07-2017 09:19:46 COPYED DIRECTORY [ERROR]: "test2" --> e:\TMP\TEST [ERROR]
17-07-2017 09:19:46 COPYED DIRECTORY [ERROR]: "test3" --> e:\TMP\TEST [ERROR]
17-07-2017 09:19:46 COPYED DIRECTORY [ERROR]: "test1" --> e:\TMP\TEST [ERROR]
17-07-2017 09:19:46 COPYED DIRECTORY [ERROR]: "test2" --> e:\TMP\TEST [ERROR]
17-07-2017 09:19:46 COPYED DIRECTORY [ERROR]: "test3" --> e:\TMP\TEST [ERROR]
17-07-2017 09:19:46 COPYED DIRECTORY [ERROR]: "test1" --> e:\TMP\TEST [ERROR]
17-07-2017 09:19:46 COPYED DIRECTORY [ERROR]: "test2" --> e:\TMP\TEST [ERROR]
17-07-2017 09:19:46 COPYED DIRECTORY [ERROR]: "test3" --> e:\TMP\TEST [ERROR]
17-07-2017 09:19:47 COPYED DIRECTORY [ERROR]: "test1" --> e:\TMP\TEST [ERROR]
17-07-2017 09:19:47 COPYED DIRECTORY [ERROR]: "test2" --> e:\TMP\TEST [ERROR]
17-07-2017 09:19:47 COPYED DIRECTORY [ERROR]: "test3" --> e:\TMP\TEST [ERROR]
17-07-2017 09:19:51 COPYED DIRECTORY [ERROR]: "test1" --> e:\TMP\TEST [ERROR]
17-07-2017 09:19:51 COPYED DIRECTORY [ERROR]: "test2" --> e:\TMP\TEST [ERROR]
17-07-2017 09:19:51 COPYED DIRECTORY [ERROR]: "test3" --> e:\TMP\TEST [ERROR]
17-07-2017 09:19:51 COPYED DIRECTORY [ERROR]: "test1" --> e:\TMP\TEST [ERROR]
17-07-2017 09:19:51 COPYED DIRECTORY [ERROR]: "test2" --> e:\TMP\TEST [ERROR]
17-07-2017 09:19:51 COPYED DIRECTORY [ERROR]: "test3" --> e:\TMP\TEST [ERROR]
17-07-2017 09:19:51 COPYED DIRECTORY [ERROR]: "test1" --> e:\TMP\TEST [ERROR]
17-07-2017 09:19:51 COPYED DIRECTORY [ERROR]: "test2" --> e:\TMP\TEST [ERROR]
17-07-2017 09:19:51 COPYED DIRECTORY [ERROR]: "test3" --> e:\TMP\TEST [ERROR]
17-07-2017 09:19:51 COPYED DIRECTORY [ERROR]: "test1" --> e:\TMP\TEST [ERROR]
17-07-2017 09:19:51 COPYED DIRECTORY [ERROR]: "test2" --> e:\TMP\TEST [ERROR]
17-07-2017 09:19:51 COPYED DIRECTORY [ERROR]: "test3" --> e:\TMP\TEST [ERROR]
17-07-2017 09:19:51 COPYED DIRECTORY [ERROR]: "test1" --> e:\TMP\TEST [ERROR]
17-07-2017 09:19:51 COPYED DIRECTORY [ERROR]: "test2" --> e:\TMP\TEST [ERROR]
17-07-2017 09:19:51 COPYED DIRECTORY [ERROR]: "test3" --> e:\TMP\TEST [ERROR]
17-07-2017 09:20:41 COPYED DIRECTORY [ERROR]: "test1" --> e:\TMP\TEST [ERROR]
17-07-2017 09:20:41 COPYED DIRECTORY [ERROR]: "test2" --> e:\TMP\TEST [ERROR]
17-07-2017 09:20:41 COPYED DIRECTORY [ERROR]: "test3" --> e:\TMP\TEST [ERROR]
17-07-2017 09:20:41 COPYED DIRECTORY [ERROR]: "test1" --> e:\TMP\TEST [ERROR]
17-07-2017 09:20:41 COPYED DIRECTORY [ERROR]: "test2" --> e:\TMP\TEST [ERROR]
17-07-2017 09:20:41 COPYED DIRECTORY [ERROR]: "test3" --> e:\TMP\TEST [ERROR]
17-07-2017 09:20:41 COPYED DIRECTORY [ERROR]: "test1" --> e:\TMP\TEST [ERROR]
17-07-2017 09:20:41 COPYED DIRECTORY [ERROR]: "test2" --> e:\TMP\TEST [ERROR]
17-07-2017 09:20:41 COPYED DIRECTORY [ERROR]: "test3" --> e:\TMP\TEST [ERROR]
17-07-2017 09:20:41 COPYED DIRECTORY [ERROR]: "test1" --> e:\TMP\TEST [ERROR]
17-07-2017 09:20:41 COPYED DIRECTORY [ERROR]: "test2" --> e:\TMP\TEST [ERROR]
17-07-2017 09:20:41 COPYED DIRECTORY [ERROR]: "test3" --> e:\TMP\TEST [ERROR]
17-07-2017 09:20:48 COPYED DIRECTORY [ERROR]: "test1" --> e:\TMP\TEST [ERROR]
17-07-2017 09:20:48 COPYED DIRECTORY [ERROR]: "test2" --> e:\TMP\TEST [ERROR]
17-07-2017 09:20:48 COPYED DIRECTORY [ERROR]: "test3" --> e:\TMP\TEST [ERROR]
17-07-2017 09:20:48 COPYED DIRECTORY [ERROR]: "test1" --> e:\TMP\TEST [ERROR]
17-07-2017 09:20:48 COPYED DIRECTORY [ERROR]: "test2" --> e:\TMP\TEST [ERROR]
17-07-2017 09:20:48 COPYED DIRECTORY [ERROR]: "test3" --> e:\TMP\TEST [ERROR]
17-07-2017 09:20:48 COPYED DIRECTORY [ERROR]: "test1" --> e:\TMP\TEST [ERROR]
17-07-2017 09:20:48 COPYED DIRECTORY [ERROR]: "test2" --> e:\TMP\TEST [ERROR]
17-07-2017 09:20:48 COPYED DIRECTORY [ERROR]: "test3" --> e:\TMP\TEST [ERROR]
17-07-2017 09:20:48 COPYED DIRECTORY [ERROR]: "test1" --> e:\TMP\TEST [ERROR]
17-07-2017 09:20:48 COPYED DIRECTORY [ERROR]: "test2" --> e:\TMP\TEST [ERROR]
17-07-2017 09:20:48 COPYED DIRECTORY [ERROR]: "test3" --> e:\TMP\TEST [ERROR]
17-07-2017 09:20:48 COPYED DIRECTORY [ERROR]: "test1" --> e:\TMP\TEST [ERROR]
17-07-2017 09:20:48 COPYED DIRECTORY [ERROR]: "test2" --> e:\TMP\TEST [ERROR]
17-07-2017 09:20:48 COPYED DIRECTORY [ERROR]: "test3" --> e:\TMP\TEST [ERROR]
17-07-2017 09:20:48 COPYED DIRECTORY [ERROR]: "test1" --> e:\TMP\TEST [ERROR]
17-07-2017 09:20:48 COPYED DIRECTORY [ERROR]: "test2" --> e:\TMP\TEST [ERROR]
17-07-2017 09:20:48 COPYED DIRECTORY [ERROR]: "test3" --> e:\TMP\TEST [ERROR]
17-07-2017 09:20:48 COPYED DIRECTORY [ERROR]: "test1" --> e:\TMP\TEST [ERROR]
17-07-2017 09:20:48 COPYED DIRECTORY [ERROR]: "test2" --> e:\TMP\TEST [ERROR]
17-07-2017 09:20:48 COPYED DIRECTORY [ERROR]: "test3" --> e:\TMP\TEST [ERROR]
17-07-2017 09:21:42 COPYED FILE: "wordList.txt" --> e:\TMP\TEST
17-07-2017 09:21:42 COPYED FILE: "wordList.txt" --> e:\TMP\TEST
17-07-2017 09:26:17 COPYED FILE: "passlist.txt" --> e:\TMP\TEST
17-07-2017 09:26:17 COPYED FILE: "passlist.txt" --> e:\TMP\TEST
17-07-2017 09:26:44 COPYED FILE: "passlist.txt" --> e:\TMP\TEST
17-07-2017 09:26:44 COPYED FILE: "passlist.txt" --> e:\TMP\TEST
17-07-2017 09:26:59 COPYED FILE: "passlist.txt" --> e:\TMP\TEST
17-07-2017 09:26:59 COPYED FILE: "passlist.txt" --> e:\TMP\TEST
17-07-2017 09:27:40 COPYED FILE: "passlist.txt" --> e:\TMP\TEST
17-07-2017 09:27:40 COPYED FILE: "passlist.txt" --> e:\TMP\TEST
17-07-2017 09:28:21 COPYED FILE: "passlist.txt" --> e:\TMP\TEST
17-07-2017 09:28:21 COPYED FILE: "passlist.txt" --> e:\TMP\TEST
17-07-2017 09:30:00 COPYED FILE: "passlist.txt" --> e:\TMP\TEST
17-07-2017 09:30:00 COPYED FILE: "passlist.txt" --> e:\TMP\TEST
17-07-2017 09:30:58 COPYED FILE: "passlist.txt" --> e:\TMP\TEST
17-07-2017 09:30:58 COPYED FILE: "passlist.txt" --> e:\TMP\TEST
17-07-2017 09:31:18 COPYED FILE: "passlist.txt" --> e:\TMP\TEST
17-07-2017 09:31:18 COPYED FILE: "passlist.txt" --> e:\TMP\TEST
17-07-2017 09:31:52 COPYED FILE: "passlist.txt" --> e:\TMP\TEST
17-07-2017 09:31:52 COPYED FILE: "passlist.txt" --> e:\TMP\TEST
17-07-2017 09:32:20 COPYED DIRECTORY [ERROR]: "test1" --> e:\TMP\TEST [ERROR]
17-07-2017 09:32:20 COPYED DIRECTORY [ERROR]: "test1" --> e:\TMP\TEST [ERROR]
17-07-2017 09:32:20 COPYED DIRECTORY [ERROR]: "test1" --> e:\TMP\TEST [ERROR]
17-07-2017 09:32:20 COPYED DIRECTORY [ERROR]: "test1" --> e:\TMP\TEST [ERROR]
17-07-2017 09:32:27 COPYED DIRECTORY [ERROR]: "test1" --> e:\TMP\TEST [ERROR]
17-07-2017 09:32:27 COPYED DIRECTORY [ERROR]: "test1" --> e:\TMP\TEST [ERROR]
17-07-2017 09:32:27 COPYED DIRECTORY [ERROR]: "test1" --> e:\TMP\TEST [ERROR]
17-07-2017 09:33:23 COPYED DIRECTORY [ERROR]: "test1" --> e:\TMP\TEST [ERROR]
17-07-2017 09:33:23 COPYED DIRECTORY [ERROR]: "test1" --> e:\TMP\TEST [ERROR]
17-07-2017 09:33:23 COPYED DIRECTORY [ERROR]: "test1" --> e:\TMP\TEST [ERROR]
17-07-2017 09:33:23 COPYED DIRECTORY [ERROR]: "test1" --> e:\TMP\TEST [ERROR]
17-07-2017 09:33:27 COPYED DIRECTORY [ERROR]: "test1" --> e:\TMP\TEST [ERROR]
17-07-2017 09:33:27 COPYED DIRECTORY [ERROR]: "test1" --> e:\TMP\TEST [ERROR]
17-07-2017 09:33:27 COPYED DIRECTORY [ERROR]: "test1" --> e:\TMP\TEST [ERROR]
17-07-2017 09:33:51 COPY DIRECTORY [ERROR]: "test1" --> e:\TMP\TEST [ERROR]
17-07-2017 09:33:51 COPY DIRECTORY [ERROR]: "test1" --> e:\TMP\TEST [ERROR]
17-07-2017 09:33:51 COPY DIRECTORY [ERROR]: "test1" --> e:\TMP\TEST [ERROR]
17-07-2017 09:33:51 COPY DIRECTORY [ERROR]: "test1" --> e:\TMP\TEST [ERROR]
17-07-2017 09:33:54 COPY DIRECTORY [ERROR]: "test1" --> e:\TMP\TEST [ERROR]
17-07-2017 09:33:54 COPY DIRECTORY [ERROR]: "test1" --> e:\TMP\TEST [ERROR]
17-07-2017 09:33:54 COPY DIRECTORY [ERROR]: "test1" --> e:\TMP\TEST [ERROR]
17-07-2017 09:33:54 COPY DIRECTORY [ERROR]: "test1" --> e:\TMP\TEST [ERROR]
17-07-2017 09:36:57 COPY DIRECTORY: "test1" --> e:\TMP\TEST
17-07-2017 09:36:57 COPY DIRECTORY [ERROR]: "test1" --> e:\TMP\TEST [ERROR]
17-07-2017 09:36:57 COPY DIRECTORY [ERROR]: "test1" --> e:\TMP\TEST [ERROR]
17-07-2017 09:36:57 COPY DIRECTORY [ERROR]: "test1" --> e:\TMP\TEST [ERROR]
17-07-2017 09:37:02 COPY DIRECTORY [ERROR]: "test1" --> e:\TMP\TEST [ERROR]
17-07-2017 09:38:41 COPY DIRECTORY: "test1" --> e:\TMP\TEST
17-07-2017 09:38:42 COPY DIRECTORY [ERROR]: "test1" --> e:\TMP\TEST [ERROR]
17-07-2017 09:38:42 COPY DIRECTORY [ERROR]: "test1" --> e:\TMP\TEST [ERROR]
17-07-2017 09:38:42 COPY DIRECTORY [ERROR]: "test1" --> e:\TMP\TEST [ERROR]
17-07-2017 09:38:57 COPY DIRECTORY [ERROR]: "test1" --> e:\TMP\TEST [ERROR]
17-07-2017 09:40:30 COPY DIRECTORY: "test1" --> e:\TMP\TEST
17-07-2017 09:41:40 COPY DIRECTORY: "test1" --> e:\TMP\TEST
17-07-2017 09:42:58 COPY DIRECTORY [ERROR]: "test1" --> e:\TMP\TEST [ERROR]
17-07-2017 09:42:58 COPY DIRECTORY [ERROR]: "test1" --> e:\TMP\TEST [ERROR]
17-07-2017 09:42:58 COPY DIRECTORY [ERROR]: "test1" --> e:\TMP\TEST [ERROR]
17-07-2017 09:42:58 COPY DIRECTORY [ERROR]: "test1" --> e:\TMP\TEST [ERROR]
17-07-2017 09:43:03 COPY DIRECTORY [ERROR]: "test1" --> e:\TMP\TEST [ERROR]
17-07-2017 09:43:03 COPY DIRECTORY [ERROR]: "test1" --> e:\TMP\TEST [ERROR]
17-07-2017 09:43:45 COPY DIRECTORY [ERROR]: "test1" --> e:\TMP\TEST [ERROR]
17-07-2017 09:43:45 COPY DIRECTORY [ERROR]: "test1" --> e:\TMP\TEST [ERROR]
17-07-2017 09:43:45 COPY DIRECTORY [ERROR]: "test1" --> e:\TMP\TEST [ERROR]
17-07-2017 09:43:45 COPY DIRECTORY [ERROR]: "test1" --> e:\TMP\TEST [ERROR]
17-07-2017 09:43:49 COPY DIRECTORY [ERROR]: "test1" --> e:\TMP\TEST [ERROR]
17-07-2017 09:43:50 COPY DIRECTORY [ERROR]: "test1" --> e:\TMP\TEST [ERROR]
17-07-2017 09:43:50 COPY DIRECTORY [ERROR]: "test1" --> e:\TMP\TEST [ERROR]
17-07-2017 09:43:50 COPY DIRECTORY [ERROR]: "test1" --> e:\TMP\TEST [ERROR]
17-07-2017 09:45:54 COPY DIRECTORY: "test1" --> e:\TMP\TEST
17-07-2017 09:45:54 COPYED FILE: "passlist.txt" --> e:\TMP\TEST
17-07-2017 09:45:54 COPYED FILE: "passlist.txt" --> e:\TMP\TEST
17-07-2017 09:46:20 COPYED FILE: "passlist.txt" --> e:\TMP\TEST
17-07-2017 09:46:21 COPYED FILE: "passlist.txt" --> e:\TMP\TEST
17-07-2017 09:47:40 COPYED FILE: "passlist.txt" --> e:\TMP\TEST
17-07-2017 09:47:40 COPYED FILE: "passlist.txt" --> e:\TMP\TEST
23-07-2017 21:30:37 COPYED FILE: "06. All Our Sons And Daughters.mp3" --> c:\DOWNLOAD\MUSIC-C\Brett Garsed - Featuring (2017)
23-07-2017 21:30:39 COPYED FILE: "08. In Your Hands.mp3" --> c:\DOWNLOAD\MUSIC-C\Brett Garsed - Featuring (2017)
23-07-2017 21:30:42 COPYED FILE: "09. New Day.mp3" --> c:\DOWNLOAD\MUSIC-C\Brett Garsed - Featuring (2017)
23-07-2017 21:30:46 COPYED FILE: "11. The First Step.mp3" --> c:\DOWNLOAD\MUSIC-C\Brett Garsed - Featuring (2017)
23-07-2017 21:30:51 COPYED FILE: "01. That's Freedom.mp3" --> c:\DOWNLOAD\MUSIC-C\Brett Garsed - Featuring (2017)
23-07-2017 21:33:15 COPYED FILE: "06. All Our Sons And Daughters.mp3" --> c:\DOWNLOAD\MUSIC-C\Brett Garsed - Featuring (2017)
23-07-2017 21:33:17 COPYED FILE: "08. In Your Hands.mp3" --> c:\DOWNLOAD\MUSIC-C\Brett Garsed - Featuring (2017)
23-07-2017 21:33:21 COPYED FILE: "09. New Day.mp3" --> c:\DOWNLOAD\MUSIC-C\Brett Garsed - Featuring (2017)
23-07-2017 21:33:24 COPYED FILE: "11. The First Step.mp3" --> c:\DOWNLOAD\MUSIC-C\Brett Garsed - Featuring (2017)
23-07-2017 21:33:25 COPYED FILE: "01. That's Freedom.mp3" --> c:\DOWNLOAD\MUSIC-C\Brett Garsed - Featuring (2017)
22-08-2017 11:29:38 COPYED FILE: "feedreader.ini" --> C:\Users\root\AppData\Roaming\Feedreader
22-08-2017 11:29:40 COPYED FILE: "RSSENGINE.FDB" --> C:\Users\root\AppData\Roaming\Feedreader
22-08-2017 11:29:40 COPYED FILE: "feedreader.ini" --> C:\Users\root\AppData\Roaming\Feedreader
22-08-2017 11:29:42 COPYED FILE: "RSSENGINE.FDB" --> C:\Users\root\AppData\Roaming\Feedreader
02-09-2017 05:38:45 COPYED FILE: "Back.jpg" --> C:\DOWNLOAD\MUSIC-C\Ritchie Blackmore – Best Tracks (1995) [FLAC]
02-09-2017 05:38:45 COPYED FILE: "CD.jpg" --> C:\DOWNLOAD\MUSIC-C\Ritchie Blackmore – Best Tracks (1995) [FLAC]
02-09-2017 05:38:45 COPYED FILE: "Cover.jpg" --> C:\DOWNLOAD\MUSIC-C\Ritchie Blackmore – Best Tracks (1995) [FLAC]
02-09-2017 05:38:45 COPYED FILE: "Back.jpg" --> C:\DOWNLOAD\MUSIC-C\Ritchie Blackmore – Best Tracks (1995) [FLAC]
02-09-2017 05:38:45 COPYED FILE: "CD.jpg" --> C:\DOWNLOAD\MUSIC-C\Ritchie Blackmore – Best Tracks (1995) [FLAC]
02-09-2017 05:38:45 COPYED FILE: "Cover.jpg" --> C:\DOWNLOAD\MUSIC-C\Ritchie Blackmore – Best Tracks (1995) [FLAC]
09-09-2017 16:29:04 COPYED FILE: "CD.jpg" --> J:\160G Msc\MUSIC\INSTRUMENTAL\GUITAR\Bernd Steidl - DISCOGRAPHY\Bernd Steidl - Psycho Acoustic Overture (1992) - LIMITED EDITION
09-09-2017 16:29:04 COPYED FILE: "Booklet01.jpg" --> J:\160G Msc\MUSIC\INSTRUMENTAL\GUITAR\Bernd Steidl - DISCOGRAPHY\Bernd Steidl - Psycho Acoustic Overture (1992) - LIMITED EDITION
09-09-2017 16:29:04 COPYED FILE: "Booklet02.jpg" --> J:\160G Msc\MUSIC\INSTRUMENTAL\GUITAR\Bernd Steidl - DISCOGRAPHY\Bernd Steidl - Psycho Acoustic Overture (1992) - LIMITED EDITION
09-09-2017 16:29:05 COPYED FILE: "Inlay.jpg" --> J:\160G Msc\MUSIC\INSTRUMENTAL\GUITAR\Bernd Steidl - DISCOGRAPHY\Bernd Steidl - Psycho Acoustic Overture (1992) - LIMITED EDITION
09-09-2017 16:29:05 COPYED FILE: "Back.jpg" --> J:\160G Msc\MUSIC\INSTRUMENTAL\GUITAR\Bernd Steidl - DISCOGRAPHY\Bernd Steidl - Psycho Acoustic Overture (1992) - LIMITED EDITION
09-09-2017 16:29:06 COPYED FILE: "CD.jpg" --> J:\160G Msc\MUSIC\INSTRUMENTAL\GUITAR\Bernd Steidl - DISCOGRAPHY\Bernd Steidl - Psycho Acoustic Overture (1992) - LIMITED EDITION
09-09-2017 16:29:06 COPYED FILE: "Booklet01.jpg" --> J:\160G Msc\MUSIC\INSTRUMENTAL\GUITAR\Bernd Steidl - DISCOGRAPHY\Bernd Steidl - Psycho Acoustic Overture (1992) - LIMITED EDITION
09-09-2017 16:29:07 COPYED FILE: "Booklet02.jpg" --> J:\160G Msc\MUSIC\INSTRUMENTAL\GUITAR\Bernd Steidl - DISCOGRAPHY\Bernd Steidl - Psycho Acoustic Overture (1992) - LIMITED EDITION
09-09-2017 16:29:07 COPYED FILE: "Inlay.jpg" --> J:\160G Msc\MUSIC\INSTRUMENTAL\GUITAR\Bernd Steidl - DISCOGRAPHY\Bernd Steidl - Psycho Acoustic Overture (1992) - LIMITED EDITION
09-09-2017 16:29:07 COPYED FILE: "Back.jpg" --> J:\160G Msc\MUSIC\INSTRUMENTAL\GUITAR\Bernd Steidl - DISCOGRAPHY\Bernd Steidl - Psycho Acoustic Overture (1992) - LIMITED EDITION
10-10-2017 18:38:08 COPYED FILE: "..\limetorrents\cmdw.py" --> f:\PROJECTS\REPOSITORY\tparser
10-10-2017 18:38:09 COPYED FILE: "..\limetorrents\texttable.py" --> f:\PROJECTS\REPOSITORY\tparser
10-10-2017 18:38:09 COPYED FILE: "..\limetorrents\cmdw.py" --> f:\PROJECTS\REPOSITORY\tparser
10-10-2017 18:38:09 COPYED FILE: "..\limetorrents\texttable.py" --> f:\PROJECTS\REPOSITORY\tparser
