30-10-2017 11:56:05 MOVED DIRECTORY [ERROR]: "AIDA64 Extreme  Engineer Edition 5.90.4235 Beta   Keygen" --> c:\TEMP\INSTALL\x64] dones [ERROR]
30-10-2017 12:05:18 MOVED DIRECTORY [ERROR]: "Ashampoo.Internet.Accelerator.3.v3.30-LAXiTY" --> c:\TEMP\INSTALL\dones [ERROR]
30-10-2017 12:05:18 MOVED DIRECTORY [ERROR]: "dda" --> c:\TEMP\INSTALL\dones [ERROR]
30-10-2017 12:09:27 MOVED DIRECTORY [ERROR]: "Bandwidth.Meter.Pro.v2.6.629_" --> c:\TEMP\INSTALL\dones [ERROR]
30-10-2017 12:09:27 MOVED DIRECTORY [ERROR]: "NetLimiter 4.0.15.0 Crack [x86 x64]" --> c:\TEMP\INSTALL\dones [ERROR]
30-10-2017 12:11:20 MOVED DIRECTORY [ERROR]: "Ashampoo.Internet.Accelerator.3.v3.30-LAXiTY" --> c:\TEMP\INSTALL [ERROR]
30-10-2017 12:11:20 MOVED DIRECTORY [ERROR]: "Bandwidth.Meter.Pro.v2.6.629_" --> c:\TEMP\INSTALL [ERROR]
30-10-2017 12:11:20 MOVED DIRECTORY [ERROR]: "dda" --> c:\TEMP\INSTALL [ERROR]
30-10-2017 12:11:20 MOVED DIRECTORY [ERROR]: "NetLimiter 4.0.15.0 Crack [x86 x64]" --> c:\TEMP\INSTALL [ERROR]
30-10-2017 12:13:12 MOVED DIRECTORY [ERROR]: "Ashampoo.Internet.Accelerator.3.v3.30-LAXiTY" --> c:\TEMP\INSTALL\dones [ERROR]
30-10-2017 12:13:12 MOVED DIRECTORY [ERROR]: "Bandwidth.Meter.Pro.v2.6.629_" --> c:\TEMP\INSTALL\dones [ERROR]
30-10-2017 12:13:12 MOVED DIRECTORY [ERROR]: "dda" --> c:\TEMP\INSTALL\dones [ERROR]
30-10-2017 12:13:12 MOVED DIRECTORY [ERROR]: "NetLimiter 4.0.15.0 Crack [x86 x64]" --> c:\TEMP\INSTALL\dones [ERROR]
30-10-2017 12:15:47 MOVED DIRECTORY: "Ashampoo.Internet.Accelerator.3.v3.30-LAXiTY" --> c:\TEMP\INSTALL
30-10-2017 12:15:47 MOVED DIRECTORY: "dda" --> c:\TEMP\INSTALL
30-10-2017 12:15:47 MOVED DIRECTORY: "NetLimiter 4.0.15.0 Crack [x86 x64]" --> c:\TEMP\INSTALL
30-10-2017 12:18:41 MOVED DIRECTORY: "Ashampoo.Internet.Accelerator.3.v3.30-LAXiTY" --> c:\TEMP\INSTALL\dones
30-10-2017 12:18:41 MOVED DIRECTORY: "dda" --> c:\TEMP\INSTALL\dones
30-10-2017 12:18:41 MOVED DIRECTORY: "NetLimiter 4.0.15.0 Crack [x86 x64]" --> c:\TEMP\INSTALL\dones
30-10-2017 12:36:59 MOVED DIRECTORY: "Ashampoo.Internet.Accelerator.3.v3.30-LAXiTY" --> c:\TEMP\INSTALL
30-10-2017 12:36:59 MOVED DIRECTORY: "Bandwidth.Meter.Pro.v2.6.629_" --> c:\TEMP\INSTALL
30-10-2017 12:36:59 MOVED DIRECTORY: "dda" --> c:\TEMP\INSTALL
30-10-2017 12:37:00 MOVED DIRECTORY: "NetLimiter 4.0.15.0 Crack [x86 x64]" --> c:\TEMP\INSTALL
30-10-2017 12:40:11 MOVED DIRECTORY: "Ashampoo.Internet.Accelerator.3.v3.30-LAXiTY" --> c:\TEMP\INSTALL\dones
30-10-2017 12:40:11 MOVED DIRECTORY: "Bandwidth.Meter.Pro.v2.6.629_" --> c:\TEMP\INSTALL\dones
30-10-2017 12:40:11 MOVED DIRECTORY: "dda" --> c:\TEMP\INSTALL\dones
30-10-2017 12:40:11 MOVED DIRECTORY: "NetLimiter 4.0.15.0 Crack [x86 x64]" --> c:\TEMP\INSTALL\dones
30-10-2017 13:55:26 MOVED DIRECTORY: "c:\TEMP\dones\Ashampoo.Internet.Accelerator.3.v3.30-LAXiTY" --> c:\TEMP\dones2
30-10-2017 13:55:26 MOVED DIRECTORY: "c:\TEMP\dones\Bandwidth.Meter.Pro.v2.6.629_" --> c:\TEMP\dones2
30-10-2017 13:55:26 MOVED DIRECTORY: "c:\TEMP\dones\dda" --> c:\TEMP\dones2
30-10-2017 13:55:26 MOVED DIRECTORY: "c:\TEMP\dones\dones2" --> c:\TEMP\dones2
30-10-2017 13:55:26 MOVED DIRECTORY: "c:\TEMP\dones\NetLimiter 4.0.15.0 Crack [x86 x64]" --> c:\TEMP\dones2
30-10-2017 13:56:13 MOVED DIRECTORY: "c:\TEMP\dones2\Ashampoo.Internet.Accelerator.3.v3.30-LAXiTY" --> c:\TEMP\dones
30-10-2017 13:56:13 MOVED DIRECTORY: "c:\TEMP\dones2\Bandwidth.Meter.Pro.v2.6.629_" --> c:\TEMP\dones
30-10-2017 13:56:14 MOVED DIRECTORY: "c:\TEMP\dones2\dda" --> c:\TEMP\dones
30-10-2017 13:56:15 MOVED DIRECTORY: "c:\TEMP\dones2\dones2" --> c:\TEMP\dones
30-10-2017 13:56:15 MOVED DIRECTORY: "c:\TEMP\dones2\NetLimiter 4.0.15.0 Crack [x86 x64]" --> c:\TEMP\dones
30-10-2017 13:57:39 MOVED DIRECTORY: "c:\TEMP\dones\Ashampoo.Internet.Accelerator.3.v3.30-LAXiTY" --> c:\TEMP\dones2
30-10-2017 13:57:39 MOVED DIRECTORY: "c:\TEMP\dones\Bandwidth.Meter.Pro.v2.6.629_" --> c:\TEMP\dones2
30-10-2017 13:57:39 MOVED DIRECTORY: "c:\TEMP\dones\dda" --> c:\TEMP\dones2
30-10-2017 13:57:39 MOVED DIRECTORY: "c:\TEMP\dones\dones2" --> c:\TEMP\dones2
30-10-2017 13:57:39 MOVED DIRECTORY: "c:\TEMP\dones\NetLimiter 4.0.15.0 Crack [x86 x64]" --> c:\TEMP\dones2
30-10-2017 13:59:07 MOVED DIRECTORY: "c:\TEMP\dones2\Ashampoo.Internet.Accelerator.3.v3.30-LAXiTY" --> c:\TEMP\dones
30-10-2017 13:59:07 MOVED DIRECTORY: "c:\TEMP\dones2\Bandwidth.Meter.Pro.v2.6.629_" --> c:\TEMP\dones
30-10-2017 13:59:07 MOVED DIRECTORY: "c:\TEMP\dones2\dda" --> c:\TEMP\dones
30-10-2017 13:59:07 MOVED DIRECTORY: "c:\TEMP\dones2\dones2" --> c:\TEMP\dones
30-10-2017 13:59:07 MOVED DIRECTORY: "c:\TEMP\dones2\NetLimiter 4.0.15.0 Crack [x86 x64]" --> c:\TEMP\dones
31-10-2017 08:01:25 MOVED FILE: "rionos_-_fairytale_(mp3.pm).mp3" --> L:\DOWNLOAD\MUSICS\Rionos - Kujira no Kira Wa Sajou ni Utau
31-10-2017 08:01:25 MOVED FILE: "Rionos_-_Hashitairo_(mp3.pm).mp3" --> L:\DOWNLOAD\MUSICS\Rionos - Kujira no Kira Wa Sajou ni Utau
31-10-2017 08:01:25 MOVED FILE: "rionos_-_Hashitairo_Kujira_no_Kora_wa_Sajou_ni_Utau_ED_TV-Size_(mp3.pm).mp3" --> L:\DOWNLOAD\MUSICS\Rionos - Kujira no Kira Wa Sajou ni Utau
31-10-2017 08:01:25 MOVED FILE: "[MVR] rionos - Hashitairo.mp3" --> L:\DOWNLOAD\MUSICS\Rionos - Kujira no Kira Wa Sajou ni Utau
31-10-2017 12:04:29 MOVED DIRECTORY: "Tor0" --> c:\Apps\PROXY
31-10-2017 12:11:24 MOVED DIRECTORY: "c:\Apps\Polipo" --> c:\Apps\PROXY
31-10-2017 12:11:24 MOVED DIRECTORY: "c:\Apps\Polipo3" --> c:\Apps\PROXY
31-10-2017 12:11:51 MOVED DIRECTORY: "c:\Apps\Dansguardian" --> c:\Apps\PROXY
31-10-2017 12:11:51 MOVED DIRECTORY: "c:\Apps\Dansguardian_bck" --> c:\Apps\PROXY
31-10-2017 12:11:51 MOVED DIRECTORY: "c:\Apps\Dansguardian_bck1" --> c:\Apps\PROXY
31-10-2017 12:11:51 MOVED DIRECTORY: "c:\Apps\Dansguardian_bck2" --> c:\Apps\PROXY
31-10-2017 12:11:52 MOVED DIRECTORY: "c:\Apps\Dansguardian_bck3" --> c:\Apps\PROXY
31-10-2017 12:11:52 MOVED DIRECTORY: "c:\Apps\Dansguardian_bck4" --> c:\Apps\PROXY
31-10-2017 12:11:52 MOVED DIRECTORY: "c:\Apps\Dansguardian_bck5" --> c:\Apps\PROXY
31-10-2017 12:11:53 MOVED DIRECTORY: "c:\Apps\Dansguardian_bck6" --> c:\Apps\PROXY
31-10-2017 12:11:53 MOVED DIRECTORY: "c:\Apps\Dansguardian_bck7" --> c:\Apps\PROXY
02-11-2017 07:17:48 MOVED FILE: "MAC_OSTemplates_for_MS_Office__Adobe_Photoshop__Excel.zip" --> c:\DOWNLOAD
02-11-2017 07:17:48 MOVED FILE: "Boruto 31-480.mkv" --> c:\DOWNLOAD
02-11-2017 07:17:48 MOVED FILE: "JnTn-05-480p-SAMEHADAKU.NET.mkv" --> c:\DOWNLOAD
02-11-2017 12:49:05 MOVED FILE: "SoundCardSwitcher.exe" --> c:\TOOLS\EXE
02-11-2017 12:49:05 MOVED FILE: "stads.exe" --> c:\TOOLS\EXE
02-11-2017 14:30:39 MOVED FILE: "c:\DOWNLOAD\118_97_159_33.gnmap" --> "f:\LOGCENTER\NMAP"
02-11-2017 14:30:39 MOVED FILE: "c:\DOWNLOAD\118_97_159_33.xml" --> "f:\LOGCENTER\NMAP"
02-11-2017 14:30:39 MOVED FILE: "c:\DOWNLOAD\118_97_159_33_normal.txt" --> "f:\LOGCENTER\NMAP"
02-11-2017 14:34:43 MOVED FILE: "c:\DOWNLOAD\node-kissanime-api-master.zip" --> "c:\DOWNLOAD\SDK\NodeJs"
02-11-2017 14:34:43 MOVED FILE: "c:\DOWNLOAD\node-v8.9.0-win-x64.zip" --> "c:\DOWNLOAD\SDK\NodeJs"
02-11-2017 14:34:43 MOVED FILE: "c:\DOWNLOAD\node-v8.9.0-x64.msi" --> "c:\DOWNLOAD\SDK\NodeJs"
02-11-2017 14:34:43 MOVED FILE: "c:\DOWNLOAD\node-v8.9.0.tar.gz" --> "c:\DOWNLOAD\SDK\NodeJs"
02-11-2017 14:36:13 MOVED FILE: "tor-win32-0.3.1.7.zip" --> c:\DOWNLOAD\proxy
02-11-2017 14:36:13 MOVED FILE: "squid.msi" --> c:\DOWNLOAD\proxy
02-11-2017 14:36:14 MOVED FILE: "c:\DOWNLOAD\ProxN45j.exe" --> "c:\DOWNLOAD\proxy"
02-11-2017 14:36:14 MOVED FILE: "c:\DOWNLOAD\ProxN45j.zip" --> "c:\DOWNLOAD\proxy"
02-11-2017 14:36:14 MOVED FILE: "c:\DOWNLOAD\ProxN45m.exe" --> "c:\DOWNLOAD\proxy"
02-11-2017 14:36:14 MOVED FILE: "c:\DOWNLOAD\ProxN45m.zip" --> "c:\DOWNLOAD\proxy"
02-11-2017 14:36:14 MOVED FILE: "c:\DOWNLOAD\ProxN45m_2.exe" --> "c:\DOWNLOAD\proxy"
02-11-2017 14:36:14 MOVED FILE: "proxifier-0-60-bin.zip" --> c:\DOWNLOAD\proxy
02-11-2017 14:36:15 MOVED FILE: "c:\DOWNLOAD\proxychains-3.1.tar.gz" --> "c:\DOWNLOAD\proxy"
02-11-2017 14:36:15 MOVED FILE: "c:\DOWNLOAD\ProxyChainsGUI_1.4.1_static.tar.gz" --> "c:\DOWNLOAD\proxy"
03-11-2017 16:27:26 MOVED DIRECTORY [ERROR]: "C:\MUSIC\Maroon 5 - Red Pill Blues (2017) 2CD Japan Deluxe Edition\[GHETTO.1914]" --> "C:\MUSIC\Maroon 5 - Red Pill Blues (2017) 2CD Japan Deluxe Edition" [ERROR]
03-11-2017 16:27:27 MOVED DIRECTORY [ERROR]: "C:\MUSIC\Maroon 5 - Red Pill Blues (2017) 2CD Japan Deluxe Edition\[GHETTO.1914]" --> "C:\MUSIC\Maroon 5 - Red Pill Blues (2017) 2CD Japan Deluxe Edition" [ERROR]
03-11-2017 16:27:27 MOVED DIRECTORY [ERROR]: "C:\MUSIC\Maroon 5 - Red Pill Blues (2017) 2CD Japan Deluxe Edition\[GHETTO.1914]" --> "C:\MUSIC\Maroon 5 - Red Pill Blues (2017) 2CD Japan Deluxe Edition" [ERROR]
03-11-2017 16:27:28 MOVED DIRECTORY [ERROR]: "C:\MUSIC\Maroon 5 - Red Pill Blues (2017) 2CD Japan Deluxe Edition\[GHETTO.1914]" --> "C:\MUSIC\Maroon 5 - Red Pill Blues (2017) 2CD Japan Deluxe Edition" [ERROR]
05-11-2017 07:00:04 MOVED FILE: "Deep Purple - A Fire in the Sky (Deluxe Edition) (2017).zip" --> c:\MUSIC
05-11-2017 07:00:05 MOVED FILE: "Bryan Adams - Ultimate (2017) (Mp3 320kbps) [Hunter].zip" --> c:\MUSIC
05-11-2017 07:00:18 MOVED FILE: "KnTBW-05-720p-SAMEHADAKU.NET.mkv" --> c:\MOVIES
05-11-2017 07:00:18 MOVED FILE: "Marvels.Inhumans.S01E07.HDTV.x264-SVA[eztv].mkv" --> c:\MOVIES
05-11-2017 07:01:15 MOVED FILE: "c:\DOWNLOAD\jdk-8u151-windows-x64-demos.zip" --> "c:\DOWNLOAD\SDK"
05-11-2017 07:01:15 MOVED FILE: "c:\DOWNLOAD\jdk-8u152-windows-x64.exe" --> "c:\DOWNLOAD\SDK"
05-11-2017 07:01:15 MOVED FILE: "c:\DOWNLOAD\jdk-9.0.1_windows-x64_bin.exe" --> "c:\DOWNLOAD\SDK"
05-11-2017 07:01:16 MOVED FILE: "c:\DOWNLOAD\jre-8u152-windows-x64.exe" --> "c:\DOWNLOAD\SDK"
05-11-2017 07:01:16 MOVED FILE: "c:\DOWNLOAD\jre-9.0.1_windows-x64_bin.exe" --> "c:\DOWNLOAD\SDK"
05-11-2017 07:01:16 MOVED FILE: "c:\DOWNLOAD\server-jre-8u152-windows-x64.tar.gz" --> "c:\DOWNLOAD\SDK"
05-11-2017 07:01:16 MOVED FILE: "c:\DOWNLOAD\serverjre-9.0.1_windows-x64_bin.tar.gz" --> "c:\DOWNLOAD\SDK"
05-11-2017 07:01:17 MOVED FILE: "c:\DOWNLOAD\jruby-bin-9.1.13.0.tar.gz" --> "c:\DOWNLOAD\SDK"
05-11-2017 07:01:17 MOVED FILE: "c:\DOWNLOAD\jruby_windows_9_1_13_0.exe" --> "c:\DOWNLOAD\SDK"
05-11-2017 07:01:17 MOVED FILE: "c:\DOWNLOAD\jruby_windows_x64_9_1_13_0.exe" --> "c:\DOWNLOAD\SDK"
05-11-2017 07:01:18 MOVED FILE: "c:\DOWNLOAD\IronPython-2.7.7-win.zip" --> "c:\DOWNLOAD\SDK"
05-11-2017 07:01:18 MOVED FILE: "c:\DOWNLOAD\IronPython-2.7.7.msi" --> "c:\DOWNLOAD\SDK"
05-11-2017 07:01:18 MOVED FILE: "c:\DOWNLOAD\ironpython3-master.zip" --> "c:\DOWNLOAD\SDK"
05-11-2017 07:01:19 MOVED FILE: "c:\DOWNLOAD\ironruby-1.0v4.msi" --> "c:\DOWNLOAD\SDK"
05-11-2017 07:01:19 MOVED FILE: "c:\DOWNLOAD\IronRuby.msi" --> "c:\DOWNLOAD\SDK"
05-11-2017 07:01:19 MOVED FILE: "c:\DOWNLOAD\IronRuby_2.msi" --> "c:\DOWNLOAD\SDK"
05-11-2017 07:02:11 MOVED FILE: "c:\DOWNLOAD\phantomjs-2.1.1-windows.zip" --> "c:\DOWNLOAD\SDK"
05-11-2017 07:02:11 MOVED FILE: "c:\DOWNLOAD\phantomjs-master.zip" --> "c:\DOWNLOAD\SDK"
05-11-2017 07:02:12 MOVED FILE: "c:\DOWNLOAD\casperjs-1.1.4-1.zip" --> "c:\DOWNLOAD\SDK"
05-11-2017 07:02:12 MOVED FILE: "c:\DOWNLOAD\casperjs-master.zip" --> "c:\DOWNLOAD\SDK"
05-11-2017 07:02:13 MOVED FILE: "c:\DOWNLOAD\slimerjs-0.10.3.zip" --> "c:\DOWNLOAD\SDK"
05-11-2017 07:02:13 MOVED FILE: "c:\DOWNLOAD\slimerjs-master.zip" --> "c:\DOWNLOAD\SDK"
05-11-2017 07:02:14 MOVED FILE: "c:\DOWNLOAD\PTVS 2.2 VS 2013.msi" --> "c:\DOWNLOAD\SDK"
05-11-2017 07:02:14 MOVED FILE: "c:\DOWNLOAD\PTVS 2.2 VS 2015.msi" --> "c:\DOWNLOAD\SDK"
05-11-2017 07:02:14 MOVED FILE: "c:\DOWNLOAD\PTVS ML 2.2.vsix" --> "c:\DOWNLOAD\SDK"
05-11-2017 07:02:15 MOVED FILE: "c:\DOWNLOAD\PTVS Samples 2.2.vsix" --> "c:\DOWNLOAD\SDK"
05-11-2017 07:02:15 MOVED FILE: "Silverlight_Developer.exe" --> c:\DOWNLOAD\SDK
05-11-2017 07:04:18 MOVED FILE: "Gorillaz - Greatest Hits (Singles  Rarities).zip" --> c:\MUSIC
05-11-2017 07:04:19 MOVED FILE: "Michael Monarch - Guitar Bazaar (2000).zip" --> c:\MUSIC
05-11-2017 10:23:10 MOVED DIRECTORY: "MySQL" --> c:\Apps
06-11-2017 20:28:24 MOVED DIRECTORY: "templates\bootstrap" --> f:\PROJECTS\REPOSITORY\mp3link_django\mp3link\STATIC
06-11-2017 20:28:25 MOVED DIRECTORY: "templates\js" --> f:\PROJECTS\REPOSITORY\mp3link_django\mp3link\STATIC
07-11-2017 06:52:59 MOVED FILE: "limetorrents.exe" --> c:\TOOLS\EXE2
07-11-2017 06:53:00 MOVED FILE: "pcloud.exe" --> c:\TOOLS\EXE2
07-11-2017 09:38:29 MOVED FILE: "Internet Download Manager (IDM) 6 27 Build 3   Patch (Safe) [SadeemPC] zip.zip" --> C:\DOWNLOAD\DOWNLOAD_TOOLS
07-11-2017 09:38:31 MOVED FILE: "Internet Download Manager (IDM) 6.29.1   Pre-Cracked - [CrackzSoft].zip" --> C:\DOWNLOAD\DOWNLOAD_TOOLS
07-11-2017 15:22:28 MOVED FILE: "c:\DOWNLOAD\cffi-1.11.2-cp27-cp27m-win32.whl" --> "f:\PYTHON_MODULES"
07-11-2017 15:22:28 MOVED FILE: "c:\DOWNLOAD\cffi-1.11.2-cp27-cp27m-win_amd64.whl" --> "f:\PYTHON_MODULES"
07-11-2017 15:22:29 MOVED FILE [ERROR]: "c:\DOWNLOAD\cffi-1.11.2.tar.gz" --> f:\PYTHON_MODULES [ERROR]
07-11-2017 15:22:30 MOVED FILE [ERROR]: "c:\DOWNLOAD\cffi-1.11.2.tar.gz" --> f:\PYTHON_MODULES [ERROR]
07-11-2017 15:22:31 MOVED FILE [ERROR]: "c:\DOWNLOAD\cffi-1.11.2.tar.gz" --> f:\PYTHON_MODULES [ERROR]
07-11-2017 15:22:31 MOVED FILE [ERROR]: "c:\DOWNLOAD\cffi-1.11.2.tar.gz" --> f:\PYTHON_MODULES [ERROR]
08-11-2017 12:44:11 MOVED FILE: "l:\DOWNLOAD\[X-Massa]_Aha-Soft_Any_to_Icon_v3.52.rar" --> c:\DOWNLOAD
08-11-2017 12:44:16 MOVED FILE: "l:\DOWNLOAD\[X-Massa]_Keygen_Aha-Soft_Any_to_Icon_v3.52.rar" --> c:\DOWNLOAD
10-11-2017 19:23:26 MOVED FILE: "nano.exe" --> c:\TOOLS\nano
10-11-2017 19:23:26 MOVED FILE: "nano.rc" --> c:\TOOLS\nano
10-11-2017 19:23:26 MOVED DIRECTORY: "syntax" --> c:\TOOLS\nano
15-11-2017 08:08:39 MOVED FILE: "c:\DOWNLOAD\WDCFree.exe" --> "c:\DOWNLOAD\Wise SOFT"
15-11-2017 08:08:39 MOVED FILE: "c:\DOWNLOAD\wifiguard_windows_setup.exe" --> "c:\DOWNLOAD\Wise SOFT"
15-11-2017 08:08:39 MOVED FILE: "c:\DOWNLOAD\WinEventLoggerLite_Setup.exe" --> "c:\DOWNLOAD\Wise SOFT"
15-11-2017 08:08:40 MOVED FILE: "c:\DOWNLOAD\wingide-6.0.6-1.exe" --> "c:\DOWNLOAD\Wise SOFT"
15-11-2017 08:08:40 MOVED FILE: "c:\DOWNLOAD\WinLaunch windows 10 setup.exe" --> "c:\DOWNLOAD\Wise SOFT"
15-11-2017 08:08:40 MOVED FILE: "c:\DOWNLOAD\Wireshark-win64-2.4.2.exe" --> "c:\DOWNLOAD\Wise SOFT"
15-11-2017 08:08:40 MOVED FILE: "c:\DOWNLOAD\WiseDriverCareSetup.exe" --> "c:\DOWNLOAD\Wise SOFT"
15-11-2017 08:08:40 MOVED FILE: "c:\DOWNLOAD\wmfdist.exe" --> "c:\DOWNLOAD\Wise SOFT"
15-11-2017 08:08:40 MOVED FILE: "c:\DOWNLOAD\WMOSetup.exe" --> "c:\DOWNLOAD\Wise SOFT"
15-11-2017 08:08:40 MOVED FILE: "c:\DOWNLOAD\worldroute_setup.exe" --> "c:\DOWNLOAD\Wise SOFT"
15-11-2017 08:08:40 MOVED FILE: "c:\DOWNLOAD\WPMSetup.exe" --> "c:\DOWNLOAD\Wise SOFT"
15-11-2017 08:08:40 MOVED FILE: "c:\DOWNLOAD\wpr_setup.exe" --> "c:\DOWNLOAD\Wise SOFT"
15-11-2017 08:08:40 MOVED FILE: "c:\DOWNLOAD\WRCFree.exe" --> "c:\DOWNLOAD\Wise SOFT"
15-11-2017 08:08:40 MOVED FILE: "c:\DOWNLOAD\wsltty-0.7.5-install.exe" --> "c:\DOWNLOAD\Wise SOFT"
15-11-2017 08:08:41 MOVED FILE: "c:\DOWNLOAD\WSMSetup.exe" --> "c:\DOWNLOAD\Wise SOFT"
15-11-2017 08:08:41 MOVED FILE: "c:\DOWNLOAD\wswsetup.exe" --> "c:\DOWNLOAD\Wise SOFT"
15-11-2017 08:08:41 MOVED FILE: "c:\DOWNLOAD\Wise.Disk.Cleaner.v5.73.263.Professional.Edition.MULTILINGUAL-CRD.zip" --> "c:\DOWNLOAD\Wise SOFT"
15-11-2017 08:08:41 MOVED FILE: "c:\DOWNLOAD\Wise.Registry.Cleaner.v5.94.338.Professional.Edition.MULTILINGUAL-CRD.zip" --> "c:\DOWNLOAD\Wise SOFT"
15-11-2017 08:09:31 MOVED FILE: "wifiguard_windows_setup.exe" --> c:\DOWNLOAD
15-11-2017 08:09:31 MOVED FILE: "WinEventLoggerLite_Setup.exe" --> c:\DOWNLOAD
15-11-2017 08:09:31 MOVED FILE: "wingide-6.0.6-1.exe" --> c:\DOWNLOAD
15-11-2017 08:09:31 MOVED FILE: "WinLaunch windows 10 setup.exe" --> c:\DOWNLOAD
15-11-2017 08:09:31 MOVED FILE: "Wireshark-win64-2.4.2.exe" --> c:\DOWNLOAD
15-11-2017 08:09:31 MOVED FILE: "wmfdist.exe" --> c:\DOWNLOAD
15-11-2017 08:09:31 MOVED FILE: "worldroute_setup.exe" --> c:\DOWNLOAD
15-11-2017 08:09:31 MOVED FILE: "wsltty-0.7.5-install.exe" --> c:\DOWNLOAD
15-11-2017 08:10:25 MOVED FILE: "wswsetup.exe" --> c:\DOWNLOAD
15-11-2017 08:10:25 MOVED FILE: "wpr_setup.exe" --> c:\DOWNLOAD
15-11-2017 16:28:07 MOVED FILE: "C:\DOWNLOAD\uniextract161.exe" --> "C:\DOWNLOAD\uniextract"
15-11-2017 16:28:07 MOVED FILE: "C:\DOWNLOAD\uniextract161_noinst.rar" --> "C:\DOWNLOAD\uniextract"
15-11-2017 16:28:07 MOVED FILE: "C:\DOWNLOAD\uniextract161_source.rar" --> "C:\DOWNLOAD\uniextract"
15-11-2017 16:28:07 MOVED FILE: "C:\DOWNLOAD\uniextract_context.png" --> "C:\DOWNLOAD\uniextract"
15-11-2017 16:28:07 MOVED FILE: "C:\DOWNLOAD\uniextract_gui.png" --> "C:\DOWNLOAD\uniextract"
15-11-2017 16:28:07 MOVED FILE: "C:\DOWNLOAD\uniextract_prefs.png" --> "C:\DOWNLOAD\uniextract"
16-11-2017 06:26:40 MOVED FILE: "c:\DOWNLOAD\asciimatics-1.8.0-py2.py3-none-any.whl" --> "f:\PYTHON_MODULES"
16-11-2017 06:26:41 MOVED FILE: "c:\DOWNLOAD\pypiwin32-220-cp36-none-win32.whl" --> "f:\PYTHON_MODULES"
16-11-2017 06:26:41 MOVED FILE: "c:\DOWNLOAD\pypiwin32-220-cp36-none-win_amd64.whl" --> "f:\PYTHON_MODULES"
16-11-2017 06:26:41 MOVED FILE: "c:\DOWNLOAD\win10toast-0.8-py2.py3-none-any.whl" --> "f:\PYTHON_MODULES"
16-11-2017 06:26:41 MOVED FILE: "pywinservicemanager-1.0.5.tar.gz" --> f:\PYTHON_MODULES
17-11-2017 05:29:15 MOVED FILE: "kissanime.io-Anime-Sengoku-Basara-Two-Episode-005-720.mp4" --> i:\MOVIES\ANIME\Sengoku Basara Two (Sub)\DONES
17-11-2017 05:29:15 MOVED FILE: "kissanime.io-Anime-Sengoku-Basara-Two-Episode-006-720.mp4" --> i:\MOVIES\ANIME\Sengoku Basara Two (Sub)\DONES
17-11-2017 05:29:15 MOVED FILE: "kissanime.io-Anime-Sengoku-Basara-Two-Episode-007-720.mp4" --> i:\MOVIES\ANIME\Sengoku Basara Two (Sub)\DONES
17-11-2017 14:00:42 MOVED DIRECTORY: "..\..\sphinx0\apps\Sphinx-1.6.5" --> c:\PYENV\sphinx\app
17-11-2017 14:01:13 MOVED DIRECTORY: "..\..\sphinx0\apps\PyMOTW-1.132" --> c:\PYENV\sphinx\app
18-11-2017 05:29:32 MOVED FILE: "layout.html" --> c:\PYENV\sphinx\app\Sphinx-1.6.5\doc\_themes\sphinx13_darkblue
18-11-2017 05:29:32 MOVED DIRECTORY: "static" --> c:\PYENV\sphinx\app\Sphinx-1.6.5\doc\_themes\sphinx13_darkblue
18-11-2017 05:29:32 MOVED FILE: "theme.conf" --> c:\PYENV\sphinx\app\Sphinx-1.6.5\doc\_themes\sphinx13_darkblue
19-11-2017 07:39:29 MOVED DIRECTORY: "c:\TEMP\INSTALL\PyAutoGUI-0.9.31" --> c:\PYENV\sphinx\app
19-11-2017 07:39:56 MOVED DIRECTORY: "c:\TEMP\INSTALL\urwid-master" --> c:\PYENV\sphinx\app
19-11-2017 10:05:27 MOVED FILE: "01.mkv" --> i:\MOVIES\ANIME\Persona 4 480\dones
19-11-2017 10:05:27 MOVED FILE: "01.ass" --> i:\MOVIES\ANIME\Persona 4 480\dones
19-11-2017 10:05:27 MOVED FILE: "02.ass" --> i:\MOVIES\ANIME\Persona 4 480\dones
19-11-2017 10:05:27 MOVED FILE: "02.mkv" --> i:\MOVIES\ANIME\Persona 4 480\dones
19-11-2017 10:05:27 MOVED FILE: "03.ass" --> i:\MOVIES\ANIME\Persona 4 480\dones
19-11-2017 10:05:27 MOVED FILE: "03.mkv" --> i:\MOVIES\ANIME\Persona 4 480\dones
19-11-2017 10:05:27 MOVED FILE: "04.ass" --> i:\MOVIES\ANIME\Persona 4 480\dones
19-11-2017 10:05:28 MOVED FILE: "04.mkv" --> i:\MOVIES\ANIME\Persona 4 480\dones
19-11-2017 19:58:06 MOVED FILE: "05.ass" --> i:\MOVIES\ANIME\Persona 4 480\dones
19-11-2017 19:58:07 MOVED FILE: "05.mkv" --> i:\MOVIES\ANIME\Persona 4 480\dones
19-11-2017 19:58:07 MOVED FILE: "06.ass" --> i:\MOVIES\ANIME\Persona 4 480\dones
19-11-2017 19:58:07 MOVED FILE: "06.mkv" --> i:\MOVIES\ANIME\Persona 4 480\dones
19-11-2017 19:58:07 MOVED FILE: "07.ass" --> i:\MOVIES\ANIME\Persona 4 480\dones
19-11-2017 19:58:07 MOVED FILE: "07.mkv" --> i:\MOVIES\ANIME\Persona 4 480\dones
19-11-2017 19:58:07 MOVED FILE: "08.ass" --> i:\MOVIES\ANIME\Persona 4 480\dones
19-11-2017 19:58:07 MOVED FILE: "08.mkv" --> i:\MOVIES\ANIME\Persona 4 480\dones
19-11-2017 19:58:07 MOVED FILE: "09.ass" --> i:\MOVIES\ANIME\Persona 4 480\dones
19-11-2017 19:58:07 MOVED FILE: "09.mkv" --> i:\MOVIES\ANIME\Persona 4 480\dones
20-11-2017 12:59:40 MOVED FILE: "02_2.ass" --> i:\MOVIES\ANIME\Persona 4 480\dones
20-11-2017 12:59:40 MOVED FILE: "03_2.ass" --> i:\MOVIES\ANIME\Persona 4 480\dones
20-11-2017 12:59:40 MOVED FILE: "05_x.ass" --> i:\MOVIES\ANIME\Persona 4 480\dones
20-11-2017 12:59:40 MOVED FILE: "11.ass" --> i:\MOVIES\ANIME\Persona 4 480\dones
20-11-2017 12:59:40 MOVED FILE: "11.mkv" --> i:\MOVIES\ANIME\Persona 4 480\dones
20-11-2017 12:59:40 MOVED FILE: "12.ass" --> i:\MOVIES\ANIME\Persona 4 480\dones
20-11-2017 12:59:40 MOVED FILE: "12.mkv" --> i:\MOVIES\ANIME\Persona 4 480\dones
20-11-2017 12:59:40 MOVED FILE: "13.ass" --> i:\MOVIES\ANIME\Persona 4 480\dones
20-11-2017 12:59:40 MOVED FILE: "13.mkv" --> i:\MOVIES\ANIME\Persona 4 480\dones
20-11-2017 12:59:40 MOVED FILE: "14.ass" --> i:\MOVIES\ANIME\Persona 4 480\dones
20-11-2017 12:59:40 MOVED FILE: "14.mkv" --> i:\MOVIES\ANIME\Persona 4 480\dones
20-11-2017 12:59:40 MOVED FILE: "15.ass" --> i:\MOVIES\ANIME\Persona 4 480\dones
20-11-2017 12:59:40 MOVED FILE: "15.mkv" --> i:\MOVIES\ANIME\Persona 4 480\dones
20-11-2017 17:05:35 MOVED FILE: "16.ass" --> I:\MOVIES\ANIME\Persona 4 480\dones
20-11-2017 17:05:35 MOVED FILE: "16.mkv" --> I:\MOVIES\ANIME\Persona 4 480\dones
20-11-2017 17:05:35 MOVED FILE: "10.ass" --> I:\MOVIES\ANIME\Persona 4 480\dones
20-11-2017 17:05:35 MOVED FILE: "10.mkv" --> I:\MOVIES\ANIME\Persona 4 480\dones
20-11-2017 17:05:35 MOVED FILE: "17.ass" --> I:\MOVIES\ANIME\Persona 4 480\dones
20-11-2017 17:05:35 MOVED FILE: "17.mkv" --> I:\MOVIES\ANIME\Persona 4 480\dones
20-11-2017 18:07:50 MOVED DIRECTORY: "HTML" --> j:\DOWNLOAD\HTMLALL
20-11-2017 18:07:50 MOVED DIRECTORY: "HTML2" --> j:\DOWNLOAD\HTMLALL
20-11-2017 18:07:50 MOVED DIRECTORY: "html3" --> j:\DOWNLOAD\HTMLALL
20-11-2017 18:07:50 MOVED DIRECTORY: "html4" --> j:\DOWNLOAD\HTMLALL
20-11-2017 18:07:50 MOVED DIRECTORY: "html5" --> j:\DOWNLOAD\HTMLALL
20-11-2017 18:07:50 MOVED DIRECTORY: "html6" --> j:\DOWNLOAD\HTMLALL
20-11-2017 18:07:50 MOVED DIRECTORY: "html7" --> j:\DOWNLOAD\HTMLALL
20-11-2017 18:07:51 MOVED DIRECTORY: "html8" --> j:\DOWNLOAD\HTMLALL
20-11-2017 18:07:51 MOVED DIRECTORY: "html9" --> j:\DOWNLOAD\HTMLALL
21-11-2017 05:35:27 MOVED FILE: "18.ass" --> i:\MOVIES\ANIME\Persona 4 480\dones
21-11-2017 05:35:27 MOVED FILE: "18.mkv" --> i:\MOVIES\ANIME\Persona 4 480\dones
21-11-2017 05:35:27 MOVED FILE: "19.ass" --> i:\MOVIES\ANIME\Persona 4 480\dones
21-11-2017 05:35:27 MOVED FILE: "19.mkv" --> i:\MOVIES\ANIME\Persona 4 480\dones
21-11-2017 05:35:27 MOVED FILE: "20.ass" --> i:\MOVIES\ANIME\Persona 4 480\dones
21-11-2017 05:35:28 MOVED FILE: "20.mkv" --> i:\MOVIES\ANIME\Persona 4 480\dones
21-11-2017 05:35:28 MOVED FILE: "21.ass" --> i:\MOVIES\ANIME\Persona 4 480\dones
21-11-2017 05:35:28 MOVED FILE: "21.mkv" --> i:\MOVIES\ANIME\Persona 4 480\dones
21-11-2017 05:35:28 MOVED FILE: "22.ass" --> i:\MOVIES\ANIME\Persona 4 480\dones
21-11-2017 05:35:28 MOVED FILE: "22.mkv" --> i:\MOVIES\ANIME\Persona 4 480\dones
22-11-2017 21:57:53 MOVED FILE: "23.ass" --> i:\MOVIES\ANIME\Persona 4 480\dones
22-11-2017 21:57:53 MOVED FILE: "23.mkv" --> i:\MOVIES\ANIME\Persona 4 480\dones
22-11-2017 21:57:53 MOVED FILE: "24.ass" --> i:\MOVIES\ANIME\Persona 4 480\dones
22-11-2017 21:57:53 MOVED FILE: "24.mkv" --> i:\MOVIES\ANIME\Persona 4 480\dones
22-11-2017 21:57:53 MOVED FILE: "25.ass" --> i:\MOVIES\ANIME\Persona 4 480\dones
22-11-2017 21:57:53 MOVED FILE: "25.mkv" --> i:\MOVIES\ANIME\Persona 4 480\dones
23-11-2017 15:14:14 MOVED DIRECTORY: "TutPlus - Build a News Aggregator With Django" --> I:\MOVIES\TUTORIALS\DJANGO
23-11-2017 15:16:48 MOVED DIRECTORY: "Perforce_Video_Tutorials" --> J:\MOVIES\TUTORIAL
23-11-2017 15:16:48 MOVED DIRECTORY: "M. Hartl - The Ruby on Rails Tutorial" --> J:\MOVIES\TUTORIAL
23-11-2017 18:52:15 MOVED DIRECTORY: "..\..\sphinx\app\Django-1.10.2" --> c:\PYENV\django-1.10.2-docs\apps
24-11-2017 06:24:24 MOVED DIRECTORY: ".eggs" --> j:\DOWNLOAD\PYTHON_MODULES\rhodecode\.eggs_off
25-11-2017 21:57:15 MOVED FILE: "six-1.10.0.tar.gz" --> f:\PYTHON_MODULES
25-11-2017 21:57:15 MOVED FILE: "i:\setuptools-33.1.1.tar.gz" --> "f:\PYTHON_MODULES"
25-11-2017 21:57:15 MOVED FILE: "i:\setuptools-34.3.1.zip" --> "f:\PYTHON_MODULES"
29-11-2017 15:11:53 MOVED FILE: "Advanced Persistent Threat Hacking - The Art and Science of Hacking Any Organization - 1st Edition (2014).pdf" --> F:\eBooks
29-11-2017 15:11:53 MOVED FILE: "Cyber Reconnaissance, Surveillance and Defense - 1st Edition (2014).pdf" --> F:\eBooks
29-11-2017 15:11:54 MOVED FILE: "PsychoPyManual.pdf" --> F:\eBooks
29-11-2017 15:11:54 MOVED FILE [ERROR]: "The Hackers Manual 2015. Revised Edition.pdf" --> F:\eBooks [ERROR]
29-11-2017 15:11:54 MOVED FILE [ERROR]: "The Hackers Manual 2015. Revised Edition.pdf" --> F:\eBooks [ERROR]
29-11-2017 15:11:54 MOVED FILE [ERROR]: "The Hackers Manual 2015. Revised Edition.pdf" --> F:\eBooks [ERROR]
29-11-2017 15:11:54 MOVED FILE [ERROR]: "The Hackers Manual 2015. Revised Edition.pdf" --> F:\eBooks [ERROR]
30-11-2017 13:40:51 MOVED DIRECTORY: "3d-slider" --> f:\PROJECTS\REPOSITORY\mp3link_django_static\STATICS\images
30-11-2017 13:40:51 MOVED DIRECTORY: "prettyPhoto" --> f:\PROJECTS\REPOSITORY\mp3link_django_static\STATICS\images
30-11-2017 13:45:22 MOVED DIRECTORY: "..\default\base" --> f:\PROJECTS\REPOSITORY\mp3link_django\mp3link\templates\test
04-12-2017 19:56:27 MOVED FILE: "c:\DOWNLOAD\fontawesome-webfont(1).ttf" --> "c:\DOWNLOAD\FONTS"
04-12-2017 19:56:27 MOVED FILE: "c:\DOWNLOAD\fontawesome-webfont.ttf" --> "c:\DOWNLOAD\FONTS"
04-12-2017 19:56:27 MOVED FILE: "c:\DOWNLOAD\fontawesome-webfont.eot" --> "c:\DOWNLOAD\FONTS"
04-12-2017 19:56:27 MOVED FILE: "roboto-slab.zip" --> c:\DOWNLOAD\FONTS
04-12-2017 19:56:27 MOVED FILE: "c:\DOWNLOAD\Lato2OFL.zip" --> "c:\DOWNLOAD\FONTS"
04-12-2017 19:56:27 MOVED FILE: "c:\DOWNLOAD\Lato2OFLWeb.zip" --> "c:\DOWNLOAD\FONTS"
05-12-2017 07:48:57 MOVED FILE: "1157.rar" --> c:\MUSICS
05-12-2017 07:48:58 MOVED FILE: "[2010.05.05] Oort no Yume.rar" --> c:\MUSICS
05-12-2017 07:48:58 MOVED FILE: "(SNKK) LngTsSreBst.rar" --> c:\MUSICS
06-12-2017 23:18:14 MOVED DIRECTORY: "UQ Holder" --> c:\MOVIES\DONES
06-12-2017 23:18:15 MOVED DIRECTORY: "Gintama" --> c:\MOVIES\DONES
06-12-2017 23:18:15 MOVED DIRECTORY: "BB3B" --> c:\MOVIES\DONES
06-12-2017 23:18:15 MOVED DIRECTORY: "Kino no Tabi" --> c:\MOVIES\DONES
06-12-2017 23:18:15 MOVED DIRECTORY: "Juuni Taisen" --> c:\MOVIES\DONES
06-12-2017 23:18:28 MOVED DIRECTORY: "Dies Irae" --> c:\MOVIES\DONES
07-12-2017 07:07:23 MOVED FILE: "angular.js-master.zip" --> c:\DOWNLOAD\AngularJS
07-12-2017 07:07:23 MOVED FILE: "angular-1.6.4.zip" --> c:\DOWNLOAD\AngularJS
07-12-2017 07:07:44 MOVED FILE: "FTA-21-480p-SAMEHADAKU.NET.mkv" --> c:\MOVIES
07-12-2017 07:07:44 MOVED FILE: "JnTn-10-480p-SAMEHADAKU.NET.mkv" --> c:\MOVIES
07-12-2017 07:07:52 MOVED FILE: "BOR-36-480p-SAMEHADAKU.NET.mkv" --> c:\MOVIES
07-12-2017 07:08:17 MOVED FILE: "Andreas Oberg - (2006) - Solo.zip" --> c:\MUSICS
07-12-2017 07:08:17 MOVED FILE: "Andreas Oberg - (2008) - My Favorite Guitars.zip" --> c:\MUSICS
07-12-2017 07:08:17 MOVED FILE: "Andreas Oberg - Andreas, Ritary & Yorgui (2004).zip" --> c:\MUSICS
08-12-2017 11:26:58 MOVED FILE: "1995 - Devil In The Details.zip" --> c:\MUSICS
08-12-2017 11:26:58 MOVED FILE: "1991 - Saigon Kick.zip" --> c:\MUSICS
09-12-2017 06:05:52 MOVED FILE: "videoplayback_2.mp4" --> c:\MOVIES
09-12-2017 06:05:52 MOVED FILE: "Taylor_Swift_-_Ready_For_It.mp4" --> c:\MOVIES
11-12-2017 07:10:07 MOVED FILE: "Hadi Cahyadi Laode-BUW-LW42TY, PMZCFM-CGK-FLIGHT_ORIGINATING.pdf" --> C:\DOWNLOAD\TRAVELOKA
11-12-2017 07:10:07 MOVED FILE: "receipt(1).pdf" --> C:\DOWNLOAD\TRAVELOKA
11-12-2017 07:14:22 MOVED FILE: "c:\DOWNLOAD\log.txt" --> f:\PROJECTS\REPOSITORY\tubeoffline
11-12-2017 07:14:24 MOVED DIRECTORY: "c:\DOWNLOAD\tdata" --> f:\PROJECTS\REPOSITORY\tubeoffline
11-12-2017 07:14:39 MOVED DIRECTORY: "tdata" --> c:\Apps\Telegram
11-12-2017 07:14:39 MOVED FILE: "log.txt" --> c:\Apps\Telegram
13-12-2017 13:45:06 MOVED FILE: "j:\DOWNLOAD\pymongo-2.6.3.win32-py2.7.exe" --> "f:\PYTHON_MODULES"
13-12-2017 13:45:06 MOVED FILE: "j:\DOWNLOAD\pymongo-2.6.3-py2.7-win32.zip" --> "f:\PYTHON_MODULES"
13-12-2017 13:45:06 MOVED FILE: "j:\DOWNLOAD\pymongo-2.6.3.tar.gz" --> "f:\PYTHON_MODULES"
13-12-2017 16:44:18 MOVED FILE: "Dave Sharman - Exit Within (1992).rar" --> j:\MUSIC\BACKUP
13-12-2017 16:44:19 MOVED FILE: "Dave Sharman - 1990.rar" --> j:\MUSIC\BACKUP
13-12-2017 16:59:19 MOVED FILE: "Cover03.jpg" --> j:\MUSIC\Kissin' Dynamite - DNA
13-12-2017 16:59:19 MOVED FILE: "01. DNA.lrc" --> j:\MUSIC\Kissin' Dynamite - DNA
13-12-2017 16:59:19 MOVED FILE: "01. DNA.mp3" --> j:\MUSIC\Kissin' Dynamite - DNA
18-12-2017 21:23:03 MOVED FILE: "KnTBW-11-720p-SAMEHADAKU.NET.mkv" --> C:\MOVIES
18-12-2017 21:23:03 MOVED FILE: "KkS-S2-11-720p-SAMEHADAKU.NET.mkv" --> C:\MOVIES
18-12-2017 21:23:43 MOVED DIRECTORY: "The Foreigner" --> C:\MOVIES
19-12-2017 06:13:46 MOVED DIRECTORY: "c:\MOVIES\Valerian and the City of a Thousand Planets (2017)" --> E:\MOVIES
19-12-2017 06:13:47 MOVED DIRECTORY: "c:\MOVIES\Kingsman The Golden Circle" --> E:\MOVIES
19-12-2017 06:22:05 MOVED DIRECTORY: "L:\DATA_BACKUPS\Program Files\PASS\JetBrains" --> L:\DATA_BACKUPS\Program Files PASS
19-12-2017 06:22:05 MOVED DIRECTORY: "L:\DATA_BACKUPS\Program Files\PASS\Microsoft SQL Server" --> L:\DATA_BACKUPS\Program Files PASS
19-12-2017 06:22:05 MOVED DIRECTORY: "L:\DATA_BACKUPS\Program Files\PASS\Reference Assemblies" --> L:\DATA_BACKUPS\Program Files PASS
19-12-2017 06:22:06 MOVED DIRECTORY: "L:\DATA_BACKUPS\Program Files\PASS\RStudio" --> L:\DATA_BACKUPS\Program Files PASS
19-12-2017 06:24:29 MOVED DIRECTORY: "HaditsSoft" --> L:\DATA_BACKUPS\Program Files PASS
19-12-2017 06:26:02 MOVED DIRECTORY: "Windows Phone Silverlight Kits" --> L:\DATA_BACKUPS\Program Files PASS
19-12-2017 06:26:03 MOVED DIRECTORY: "Windows Phone Kits" --> L:\DATA_BACKUPS\Program Files PASS
19-12-2017 06:26:51 MOVED FILE: "Ashampoo\Ashampoo Internet Accelerator 3\ash_inet2.dll" --> c:\DOWNLOAD
19-12-2017 06:27:12 MOVED DIRECTORY: "Ashampoo" --> L:\DATA_BACKUPS\Program Files PASS
19-12-2017 06:30:56 MOVED DIRECTORY: "Redmond Lab .Net" --> L:\DATA_BACKUPS\Program Files PASS
19-12-2017 06:33:01 MOVED DIRECTORY: "Windows Kits" --> L:\DATA_BACKUPS\Program Files PASS
19-12-2017 06:33:25 MOVED DIRECTORY: "Google\" --> L:\DATA_BACKUPS\Program Files PASS
19-12-2017 06:33:43 MOVED DIRECTORY: "Serviio\" --> L:\DATA_BACKUPS\Program Files PASS
19-12-2017 06:34:44 MOVED DIRECTORY: "R-Studio" --> L:\DATA_BACKUPS\Program Files PASS
19-12-2017 06:34:44 MOVED DIRECTORY: "R-Studio.165337" --> L:\DATA_BACKUPS\Program Files PASS
19-12-2017 06:34:44 MOVED DIRECTORY: "OSForensics" --> L:\DATA_BACKUPS\Program Files PASS
19-12-2017 06:34:44 MOVED DIRECTORY: "Passware" --> L:\DATA_BACKUPS\Program Files PASS
19-12-2017 06:34:44 MOVED DIRECTORY: "iVMS-4200 Station" --> L:\DATA_BACKUPS\Program Files PASS
19-12-2017 06:35:40 MOVED DIRECTORY: "The Bat!" --> L:\DATA_BACKUPS\Program Files PASS
19-12-2017 06:36:15 MOVED DIRECTORY: "Mirillis\" --> L:\DATA_BACKUPS\Program Files PASS
19-12-2017 06:36:15 MOVED DIRECTORY: "Sweet Home 3D" --> L:\DATA_BACKUPS\Program Files PASS
19-12-2017 06:37:56 MOVED DIRECTORY: "Codelobster Software" --> L:\DATA_BACKUPS\Program Files PASS
19-12-2017 06:40:01 MOVED DIRECTORY: "Common Files" --> L:\DATA_BACKUPS\Program Files PASS
19-12-2017 06:40:23 MOVED DIRECTORY: "Microsoft SDKs" --> L:\DATA_BACKUPS\Program Files PASS
19-12-2017 06:41:32 MOVED DIRECTORY: "ConceptDraw Office" --> L:\DATA_BACKUPS\Program Files PASS
19-12-2017 06:42:36 MOVED DIRECTORY: "Opera\" --> L:\DATA_BACKUPS\Program Files PASS
22-12-2017 22:30:22 MOVED FILE: "Meownime_ChoPass_S2_01_720p.mp4" --> C:\MOVIES\[Meownime] ChoPass S2 (720p)\DONES
22-12-2017 22:30:22 MOVED FILE: "Meownime_ChoPass_S2_02_720p.mp4" --> C:\MOVIES\[Meownime] ChoPass S2 (720p)\DONES
22-12-2017 22:30:22 MOVED FILE: "Meownime_ChoPass_S2_03_720p.mp4" --> C:\MOVIES\[Meownime] ChoPass S2 (720p)\DONES
22-12-2017 22:30:22 MOVED FILE: "Meownime_ChoPass_S2_04_720p.mp4" --> C:\MOVIES\[Meownime] ChoPass S2 (720p)\DONES
22-12-2017 22:30:23 MOVED FILE: "Meownime_ChoPass_S2_05_720p.mp4" --> C:\MOVIES\[Meownime] ChoPass S2 (720p)\DONES
22-12-2017 22:30:23 MOVED FILE: "Meownime_ChoPass_S2_06_720p.mp4" --> C:\MOVIES\[Meownime] ChoPass S2 (720p)\DONES
22-12-2017 22:30:23 MOVED FILE: "Meownime_ChoPass_S2_07_720p.mp4" --> C:\MOVIES\[Meownime] ChoPass S2 (720p)\DONES
22-12-2017 22:30:23 MOVED FILE: "Meownime_ChoPass_S2_08_720p.mp4" --> C:\MOVIES\[Meownime] ChoPass S2 (720p)\DONES
23-12-2017 23:12:08 MOVED FILE: "C:\DOWNLOAD\GVL-01-480p-SAMEHADAKU.NET.mkv" --> "C:\MOVIES"
23-12-2017 23:12:08 MOVED FILE: "C:\DOWNLOAD\GVL-02-480p-SAMEHADAKU.NET.mkv" --> "C:\MOVIES"
23-12-2017 23:12:08 MOVED FILE: "C:\DOWNLOAD\GVL_03.mp4" --> "C:\MOVIES"
23-12-2017 23:44:20 MOVED FILE: "c:\MOVIES\Nimegami.com GaroVanis Ep 05 (720p) Samehada.mp4" --> "c:\MOVIES\Garo Vanishing Line"
23-12-2017 23:44:21 MOVED FILE: "c:\MOVIES\Nimegami.com GaroVanis Ep 06 (720p) Samehada.mp4" --> "c:\MOVIES\Garo Vanishing Line"
23-12-2017 23:44:21 MOVED FILE: "c:\MOVIES\Nimegami.com GaroVanis Ep 07 (720p) Samehada.mp4" --> "c:\MOVIES\Garo Vanishing Line"
23-12-2017 23:44:21 MOVED FILE: "c:\MOVIES\Nimegami.com GaroVanis Ep 08 (720p) Samehada.mp4" --> "c:\MOVIES\Garo Vanishing Line"
23-12-2017 23:44:21 MOVED FILE: "c:\MOVIES\Nimegami.com GaroVanis Ep 09 (720p) Samehada.mp4" --> "c:\MOVIES\Garo Vanishing Line"
23-12-2017 23:44:21 MOVED FILE: "c:\MOVIES\Nimegami.com GaroVanis Ep 10 (720p) Samehada.mp4" --> "c:\MOVIES\Garo Vanishing Line"
23-12-2017 23:44:21 MOVED FILE: "c:\MOVIES\Nimegami.com GaroVanis Ep 11 (720p) Samehada.mp4" --> "c:\MOVIES\Garo Vanishing Line"
23-12-2017 23:44:21 MOVED FILE: "c:\MOVIES\GVL-02-480p-SAMEHADAKU.NET.mkv" --> "c:\MOVIES\Garo Vanishing Line"
23-12-2017 23:44:21 MOVED FILE: "c:\MOVIES\GVL-12-MP4HD-SAMEHADAKU.NET.mp4" --> "c:\MOVIES\Garo Vanishing Line"
23-12-2017 23:44:22 MOVED FILE: "c:\MOVIES\GVL_03.mp4" --> "c:\MOVIES\Garo Vanishing Line"
24-12-2017 04:38:26 MOVED FILE: "[AWBatch] Atom-TheBeginning (720p).rar" --> C:\MOVIES
24-12-2017 04:38:26 MOVED FILE: "[Shirainime] Sidon-iaKishi S2 (480p).rar" --> C:\MOVIES
24-12-2017 06:54:29 MOVED FILE: "[AWBatch] Fairy Tail The Movie - Houou no Miko (DVD 1024x576 H264 AAC) [AC377FF8].mkv" --> C:\MOVIES
24-12-2017 06:54:30 MOVED FILE: "FT-DC-720p-v2-SAMEHADAKU.NET.mkv" --> C:\MOVIES
24-12-2017 15:57:32 MOVED FILE: "OVERDRIVE_Trailer_2017.mp4" --> C:\MOVIES
24-12-2017 15:57:32 MOVED FILE: "Taylor_Swift_-_Ready_For_It.mp4" --> C:\MOVIES
24-12-2017 15:59:01 MOVED FILE: "FT-DC-720p-v2-SAMEHADAKU.NET.mkv" --> C:\MOVIES\Fairy Tail - The Movies
24-12-2017 15:59:01 MOVED FILE: "[AWBatch] Fairy Tail The Movie - Houou no Miko (DVD 1024x576 H264 AAC) [AC377FF8].mkv" --> C:\MOVIES\Fairy Tail - The Movies
28-12-2017 16:59:22 MOVED FILE: "Read Me.txt" --> c:\TEMP\INSTALL
28-12-2017 16:59:22 MOVED FILE: "safe18int.exe" --> c:\TEMP\INSTALL
28-12-2017 16:59:22 MOVED DIRECTORY: "ShutterStock Images Downloader 1.3.3 Pre Cracked [CracksNow]" --> c:\TEMP\INSTALL
28-12-2017 17:35:09 MOVED DIRECTORY: "Patch-Keygen" --> c:\TEMP\INSTALL\TEsT
28-12-2017 17:35:09 MOVED DIRECTORY: "Setup" --> c:\TEMP\INSTALL\TEsT
28-12-2017 17:35:09 MOVED DIRECTORY: "ShutterStock Images Downloader 1.3.3 Pre Cracked [CracksNow]" --> c:\TEMP\INSTALL\TEsT
28-12-2017 17:35:09 MOVED FILE: "ShutterStock Images Downloader 1.3.4 Setup.exe" --> c:\TEMP\INSTALL\TEsT
28-12-2017 17:35:36 MOVED DIRECTORY: "c:\TEMP\INSTALL\TEsT\TEST2\Patch-Keygen" --> c:\TEMP\INSTALL\TEsT
28-12-2017 17:35:36 MOVED DIRECTORY: "c:\TEMP\INSTALL\TEsT\TEST2\Setup" --> c:\TEMP\INSTALL\TEsT
28-12-2017 17:35:37 MOVED DIRECTORY: "c:\TEMP\INSTALL\TEsT\TEST2\ShutterStock Images Downloader 1.3.3 Pre Cracked [CracksNow]" --> c:\TEMP\INSTALL\TEsT
28-12-2017 17:35:37 MOVED FILE: "c:\TEMP\INSTALL\TEsT\TEST2\ShutterStock Images Downloader 1.3.4 Setup.exe" --> "c:\TEMP\INSTALL\TEsT"
28-12-2017 17:41:16 MOVED DIRECTORY: "TEST2\Patch-Keygen" --> c:\TEMP\INSTALL\TEsT
01-01-2018 10:11:34 MOVED DIRECTORY: "bin" --> c:\Apps\bind\9.0
01-01-2018 10:11:36 MOVED DIRECTORY: "etc" --> c:\Apps\bind\9.0
01-01-2018 10:11:47 MOVED DIRECTORY: "9.12.0rc1_x64" --> c:\Apps\bind\setups
02-01-2018 15:56:08 MOVED FILE: "data.mv.db" --> c:\Apps\gitbucket
02-01-2018 15:56:09 MOVED FILE: "database.conf" --> c:\Apps\gitbucket
02-01-2018 15:56:09 MOVED DIRECTORY: "tmp" --> c:\Apps\gitbucket
02-01-2018 15:56:09 MOVED DIRECTORY: "data" --> c:\Apps\gitbucket
02-01-2018 15:56:09 MOVED FILE: "gitbucket.conf" --> c:\Apps\gitbucket
02-01-2018 15:56:09 MOVED DIRECTORY: "plugins" --> c:\Apps\gitbucket
02-01-2018 15:56:09 MOVED DIRECTORY: "gist" --> c:\Apps\gitbucket
04-01-2018 11:12:04 MOVED FILE: "1.png" --> c:\DOWNLOAD\links\clipjum_screenshoot
04-01-2018 11:12:05 MOVED FILE: "2.png" --> c:\DOWNLOAD\links\clipjum_screenshoot
04-01-2018 11:12:05 MOVED FILE: "3.png" --> c:\DOWNLOAD\links\clipjum_screenshoot
04-01-2018 11:12:05 MOVED FILE: "4.png" --> c:\DOWNLOAD\links\clipjum_screenshoot
04-01-2018 11:12:05 MOVED FILE: "5.png" --> c:\DOWNLOAD\links\clipjum_screenshoot
12-01-2018 07:24:07 MOVED FILE: "RealVNC.Enterprise.v6.1.1-P2P.rar" --> C:\DOWNLOAD
12-01-2018 07:24:07 MOVED FILE [ERROR]: "USB.Safely.Remove.6.0.8.1261.rar" --> C:\DOWNLOAD [ERROR]
12-01-2018 07:24:07 MOVED FILE [ERROR]: "USB.Safely.Remove.6.0.8.1261.rar" --> C:\DOWNLOAD [ERROR]
12-01-2018 07:24:07 MOVED FILE [ERROR]: "USB.Safely.Remove.6.0.8.1261.rar" --> C:\DOWNLOAD [ERROR]
12-01-2018 07:24:07 MOVED FILE [ERROR]: "USB.Safely.Remove.6.0.8.1261.rar" --> C:\DOWNLOAD [ERROR]
17-01-2018 17:57:11 MOVED FILE: "DU.zip" --> C:\DOWNLOAD
17-01-2018 17:57:11 MOVED FILE: "xmppd-0.2.tar.gz" --> C:\DOWNLOAD
17-01-2018 17:57:11 MOVED FILE: "xmpppy-0.5.0rc1.tar.gz" --> C:\DOWNLOAD
17-01-2018 17:57:11 MOVED FILE [ERROR]: "lhttpd0.1-win.zip" --> C:\DOWNLOAD\ [ERROR]
17-01-2018 17:57:11 MOVED FILE [ERROR]: "lhttpd0.1-win.zip" --> C:\DOWNLOAD\ [ERROR]
17-01-2018 17:57:11 MOVED FILE [ERROR]: "lhttpd0.1-win.zip" --> C:\DOWNLOAD\ [ERROR]
17-01-2018 17:57:11 MOVED FILE [ERROR]: "lhttpd0.1-win.zip" --> C:\DOWNLOAD\ [ERROR]
30-01-2018 17:21:12 MOVED DIRECTORY: "MediaMonkey Gold 4.1.20.1864 + Crack [CracksNow]" --> c:\DOWNLOAD
